<?xml version="1.0" encoding="UTF-8"?>
<!-- Generated by org.testng.reporters.JUnitReportReporter -->
<testsuite hostname="TLAPT14644" failures="0" tests="1" name="Test_window.HDFCWindow_test" time="0.218" errors="0" timestamp="2025-07-24T13:06:52 IST" skipped="0">
  <testcase classname="Test_window.HDFCWindow_test" name="HDFC_window" time="0.218"/>
  <system-out/>
</testsuite> <!-- Test_window.HDFCWindow_test -->
