<?xml version="1.0" encoding="UTF-8"?>
<!-- Generated by org.testng.reporters.JUnitReportReporter -->
<testsuite hostname="TLAPT14644" failures="0" tests="1" name="Test_window.WindowTest" time="51.908" errors="0" timestamp="2025-07-24T12:32:47 IST" skipped="0">
  <testcase classname="Test_window.WindowTest" name="WindowHandling" time="51.908"/>
  <system-out/>
</testsuite> <!-- Test_window.WindowTest -->
